<html>
<body>
<pre>
<h1>µVision Build Log</h1>
<h2>Tool Versions:</h2>
IDE-Version: ÂµVision V5.33.0.0
Copyright (C) 2020 ARM Ltd and ARM Germany GmbH. All rights reserved.
License Information: EMIR DAMERGI, INSAT, LIC=----
 
Tool Versions:
Toolchain:       MDK-Lite  Version: 5.33.0.0
Toolchain Path:  C:\Keil_v5\ARM\ARMCC\Bin
C Compiler:      Armcc.exe V5.06 update 7 (build 960)
Assembler:       Armasm.exe V5.06 update 7 (build 960)
Linker/Locator:  ArmLink.exe V5.06 update 7 (build 960)
Library Manager: ArmAr.exe V5.06 update 7 (build 960)
Hex Converter:   FromElf.exe V5.06 update 7 (build 960)
CPU DLL:         SARMCM3.DLL V5.33.0.0
Dialog DLL:      DARMSTM.DLL V1.68.0.0
Target DLL:      STLink\ST-LINKIII-KEIL_SWO.dll V3.0.5.0
Dialog DLL:      TCM.DLL V1.48.0.0
 
<h2>Project:</h2>
C:\Users\EMIR\Desktop\New folder\manip_GPS_RxDma_Nucleo\ARM_MDK\manip.uvprojx
Project File Date:  11/29/2022

<h2>Output:</h2>
*** Using Compiler 'V5.06 update 7 (build 960)', folder: 'C:\Keil_v5\ARM\ARMCC\Bin'
Rebuild target 'Target 1'
compiling main.c...
..\main.c(78): error:  #29: expected an expression
  .................................;
..\main.c(82): error:  #29: expected an expression
    GPIO_InitStructure.GPIO_Pin = ..........;
..\main.c(84): error:  #29: expected an expression
    GPIO_Init(......., &GPIO_InitStructure);
..\main.c(92): error:  #29: expected an expression
    USART_InitStructure.USART_WordLength = .........;
..\main.c(93): error:  #29: expected an expression
    USART_InitStructure.USART_StopBits = ..........;
..\main.c(94): error:  #29: expected an expression
    USART_InitStructure.USART_Parity = .............. ;
..\main.c(96): error:  #29: expected an expression
    USART_InitStructure.USART_Mode = ..........;
..\main.c(98): error:  #29: expected an expression
    USART_Init(......., &USART_InitStructure);
..\main.c(101): error:  #29: expected an expression
  .................................... ;
..\main.c(110): error:  #29: expected an expression
  		DMA_InitStructure.DMA_PeripheralBaseAddr = ..........;
..\main.c(111): error:  #29: expected an expression
  		DMA_InitStructure.DMA_MemoryBaseAddr = .........;
..\main.c(112): error:  #29: expected an expression
  		DMA_InitStructure.DMA_DIR = .................;
..\main.c(113): error:  #29: expected an expression
  		DMA_InitStructure.DMA_BufferSize = .....;
..\main.c(114): error:  #29: expected an expression
  		DMA_InitStructure.DMA_PeripheralInc = .................;
..\main.c(115): error:  #29: expected an expression
  		DMA_InitStructure.DMA_MemoryInc = ....................;
..\main.c(116): error:  #29: expected an expression
  		DMA_InitStructure.DMA_PeripheralDataSize = ................;
..\main.c(117): error:  #29: expected an expression
  		DMA_InitStructure.DMA_MemoryDataSize = ........................;
..\main.c(118): error:  #29: expected an expression
  		DMA_InitStructure.DMA_Mode = ............;
..\main.c(119): error:  #29: expected an expression
  		DMA_InitStructure.DMA_Priority = ...............;
..\main.c(120): error:  #29: expected an expression
  		DMA_InitStructure.DMA_M2M = .................;	
..\main.c(122): error:  #29: expected an expression
  		DMA_Init(............., &DMA_InitStructure);
..\main.c(125): error:  #29: expected an expression
  		DMA_ITConfig(............, ............., ENABLE);
..\main.c(125): error:  #29: expected an expression
  		DMA_ITConfig(............, ............., ENABLE);
..\main.c(128): error:  #29: expected an expression
  			DMA_Cmd(............, ENABLE);
..\main.c(131): error:  #29: expected an expression
     NVIC_InitStructure.NVIC_IRQChannel = .....................;
..\main.c(171): warning:  #223-D: function "strlen" declared implicitly
  		for (i=0; i <strlen(Transmit_Buffer); i++)
..\main.c(174): error:  #268: declaration may not appear after executable statement in block
  	char Char_tosend = Transmit_Buffer[lensend];
..\main.c(174): error:  #20: identifier "lensend" is undefined
  	char Char_tosend = Transmit_Buffer[lensend];
..\main.c(176): error: At end of source:  #67: expected a "}"
..\main.c: 1 warning, 28 errors
compiling misc.c...
compiling stm32f10x_it.c...
compiling stm32f10x_exti.c...
compiling stm32f10x_gpio.c...
compiling stm32f10x_rcc.c...
compiling stm32f10x_usart.c...
assembling startup_stm32f10x_md.s...
compiling core_cm3.c...
compiling system_stm32f10x.c...
compiling stm32f10x_dma.c...
".\Objects\manip.axf" - 28 Error(s), 1 Warning(s).

<h2>Software Packages used:</h2>

Package Vendor: Keil
                http://www.keil.com/pack/Keil.STM32F1xx_DFP.2.4.0.pack
                Keil.STM32F1xx_DFP.2.4.0
                STMicroelectronics STM32F1 Series Device Support, Drivers and Examples

<h2>Collection of Component include folders:</h2>
  C:\Users\EMIR\AppData\Local\Arm\Packs\Keil\STM32F1xx_DFP\2.4.0\Device\Include

<h2>Collection of Component Files used:</h2>
Target not created.
Build Time Elapsed:  00:00:01
</pre>
</body>
</html>
