<html>
<body>
<pre>
<h1>µVision Build Log</h1>
<h2>Tool Versions:</h2>
IDE-Version: µVision V5.33.0.0
Copyright (C) 2020 ARM Ltd and ARM Germany GmbH. All rights reserved.
License Information: EMIR DAMERGI, INSAT, LIC=----
 
Tool Versions:
Toolchain:       MDK-Lite  Version: 5.33.0.0
Toolchain Path:  C:\Keil_v5\ARM\ARMCC\Bin
C Compiler:      Armcc.exe V5.06 update 7 (build 960)
Assembler:       Armasm.exe V5.06 update 7 (build 960)
Linker/Locator:  ArmLink.exe V5.06 update 7 (build 960)
Library Manager: ArmAr.exe V5.06 update 7 (build 960)
Hex Converter:   FromElf.exe V5.06 update 7 (build 960)
CPU DLL:         SARMCM3.DLL V5.33.0.0
Dialog DLL:      DCM.DLL V1.17.3.0
Target DLL:      STLink\ST-LINKIII-KEIL_SWO.dll V3.0.5.0
Dialog DLL:      TCM.DLL V1.48.0.0
 
<h2>Project:</h2>
E:\SyncFolder\Semester1\GL3_Archi\00_GL3_Sent_Files_2022_23\GL3_Architectures_Materielles_PBN_Cours_TD_Manips\Manips_TP_GL3\manip_1-2_Disc_BtnPoll_RegAccess\ARM_MDK\manip.uvprojx
Project File Date:  09/21/2022

<h2>Output:</h2>
*** Using Compiler 'V5.06 update 7 (build 960)', folder: 'C:\Keil_v5\ARM\ARMCC\Bin'
Build target 'Target 1'
compiling main.c...
..\main.c(21): error:  #29: expected an expression
   *Reg_Enable_RCC  = ........;
..\main.c(24): error:  #29: expected an expression
   *Reg_Config_Led = .......;
..\main.c(27): error:  #29: expected an expression
   *Reg_Config_Bouton = ........; // Input Floating
..\main.c(35): error:  #29: expected an expression
    etat_bouton = .....................; // lire l'etat du bit relié au bouton (bit PA0)
..\main.c(40): error:  #29: expected an expression
   *Reg_BSRR_Led = 0x0300;// allumer leds
..\main.c(47): error:  #29: expected an expression
   *Reg_BRR_Led = 0x0300; 
..\main.c(51): warning:  #1-D: last line of file ends without a newline
  }
..\main.c: 1 warning, 6 errors
compiling core_cm3.c...
assembling startup_stm32f10x_md_vl.s...
compiling stm32f10x_it.c...
compiling misc.c...
compiling system_stm32f10x.c...
compiling stm32f10x_gpio.c...
compiling stm32f10x_rcc.c...
".\Objects\manip.axf" - 6 Error(s), 1 Warning(s).

<h2>Software Packages used:</h2>

Package Vendor: Keil
                http://www.keil.com/pack/Keil.STM32F1xx_DFP.2.4.0.pack
                Keil.STM32F1xx_DFP.2.4.0
                STMicroelectronics STM32F1 Series Device Support, Drivers and Examples

<h2>Collection of Component include folders:</h2>
  C:\Users\EMIR\AppData\Local\Arm\Packs\Keil\STM32F1xx_DFP\2.4.0\Device\Include

<h2>Collection of Component Files used:</h2>
Target not created.
Build Time Elapsed:  00:00:01
</pre>
</body>
</html>
